L 12/27/2011 - 00:49:48: Log file started (file "logs/L127_000_001_001_27015_201112270049_000.log") (game "/home/ubuntu/srcds/left4dead2/left4dead2") (version "4777")
L 12/27/2011 - 00:49:48: Loading map "c5m1_waterfront"
L 12/27/2011 - 00:49:48: server cvars start
L 12/27/2011 - 00:49:48: "sv_maxspeed" = "1000.000000"
L 12/27/2011 - 00:49:48: "sv_rollangle" = "0"
L 12/27/2011 - 00:49:48: "tauntfrequency" = "1"
L 12/27/2011 - 00:49:48: "r_AirboatViewZHeight" = "0.0"
L 12/27/2011 - 00:49:48: "sv_cheats" = "0"
L 12/27/2011 - 00:49:48: "r_VehicleViewDampen" = "1"
L 12/27/2011 - 00:49:48: "mp_allowNPCs" = "1"
L 12/27/2011 - 00:49:48: "god" = "0"
L 12/27/2011 - 00:49:48: "mp_tournament" = "0"
L 12/27/2011 - 00:49:48: "buddha" = "0"
L 12/27/2011 - 00:49:48: "mp_flashlight" = "1"
L 12/27/2011 - 00:49:48: "mp_maxrounds" = "0"
L 12/27/2011 - 00:49:48: "sv_tags" = ""
L 12/27/2011 - 00:49:48: "sv_stepsize" = "18"
L 12/27/2011 - 00:49:48: "mp_teamlist" = "hgrunt;scientist"
L 12/27/2011 - 00:49:48: "sv_alltalk" = "0"
L 12/27/2011 - 00:49:48: "survivor_limit" = "4"
L 12/27/2011 - 00:49:48: "mp_footsteps" = "1"
L 12/27/2011 - 00:49:48: "sv_noclipaccelerate" = "5"
L 12/27/2011 - 00:49:48: "sv_wateraccelerate" = "10"
L 12/27/2011 - 00:49:48: "mp_autocrosshair" = "1"
L 12/27/2011 - 00:49:48: "mp_stalemate_enable" = "0"
L 12/27/2011 - 00:49:48: "sv_rollspeed" = "200"
L 12/27/2011 - 00:49:48: "sv_airaccelerate" = "10"
L 12/27/2011 - 00:49:48: "mp_teams_unbalance_limit" = "1"
L 12/27/2011 - 00:49:48: "mp_timelimit" = "0"
L 12/27/2011 - 00:49:48: "mp_fadetoblack" = "0"
L 12/27/2011 - 00:49:48: "sv_noclipfriction" = "4"
L 12/27/2011 - 00:49:48: "sv_waterfriction" = "1"
L 12/27/2011 - 00:49:48: "sv_steamgroup" = "2112929"
L 12/27/2011 - 00:49:48: "coop" = "0"
L 12/27/2011 - 00:49:48: "nextlevel" = ""
L 12/27/2011 - 00:49:48: "sv_stopspeed" = "75"
L 12/27/2011 - 00:49:48: "sv_specaccelerate" = "5"
L 12/27/2011 - 00:49:48: "deathmatch" = "1"
L 12/27/2011 - 00:49:48: "tv_enable" = "0"
L 12/27/2011 - 00:49:48: "mp_falldamage" = "0"
L 12/27/2011 - 00:49:48: "mp_freezetime" = "6"
L 12/27/2011 - 00:49:48: "sv_voiceenable" = "0"
L 12/27/2011 - 00:49:48: "tf_arena_max_streak" = "5"
L 12/27/2011 - 00:49:48: "sv_bounce" = "0"
L 12/27/2011 - 00:49:48: "mp_disable_respawn_times" = "0"
L 12/27/2011 - 00:49:48: "r_AirboatViewDampenFreq" = "7.0"
L 12/27/2011 - 00:49:48: "mp_weaponstay" = "0"
L 12/27/2011 - 00:49:48: "mp_friendlyfire" = "1"
L 12/27/2011 - 00:49:48: "sv_noclipspeed" = "5"
L 12/27/2011 - 00:49:48: "r_JeepViewDampenDamp" = "1.0"
L 12/27/2011 - 00:49:48: "mp_c4timer" = "45"
L 12/27/2011 - 00:49:48: "r_AirboatViewDampenDamp" = "1.0"
L 12/27/2011 - 00:49:48: "mp_stalemate_at_timelimit" = "0"
L 12/27/2011 - 00:49:48: "sv_footsteps" = "1"
L 12/27/2011 - 00:49:48: "mp_limitteams" = "2"
L 12/27/2011 - 00:49:48: "tv_relaypassword" = ""
L 12/27/2011 - 00:49:48: "tf_arena_round_time" = "0"
L 12/27/2011 - 00:49:48: "mp_teamplay" = "0"
L 12/27/2011 - 00:49:48: "r_JeepViewDampenFreq" = "7.0"
L 12/27/2011 - 00:49:48: "sv_specnoclip" = "1"
L 12/27/2011 - 00:49:48: "sv_friction" = "4"
L 12/27/2011 - 00:49:48: "mp_autoteambalance" = "1"
L 12/27/2011 - 00:49:48: "sv_contact" = "rnavarro1@gmail.com"
L 12/27/2011 - 00:49:48: "director_afk_timeout" = "45"
L 12/27/2011 - 00:49:48: "mp_roundtime" = "5"
L 12/27/2011 - 00:49:48: "mp_fraglimit" = "0"
L 12/27/2011 - 00:49:48: "mp_forcerespawn" = "1"
L 12/27/2011 - 00:49:48: "decalfrequency" = "10"
L 12/27/2011 - 00:49:48: "mp_winlimit" = "0"
L 12/27/2011 - 00:49:48: "sv_accelerate" = "5"
L 12/27/2011 - 00:49:48: "sv_gravity" = "800"
L 12/27/2011 - 00:49:48: "sv_password" = ""
L 12/27/2011 - 00:49:48: "r_JeepViewZHeight" = "10.0"
L 12/27/2011 - 00:49:48: "tf_arena_preround_time" = "10"
L 12/27/2011 - 00:49:48: "tv_password" = ""
L 12/27/2011 - 00:49:48: "sv_specspeed" = "3"
L 12/27/2011 - 00:49:48: server cvars end
L 12/27/2011 - 00:49:48: Started map "c5m1_waterfront" (CRC "1005937360")
L 12/27/2011 - 00:49:49: CDirector::RunScript, director_base, level: 0
L 12/27/2011 - 00:49:49: CDirector::RunScript, coop, level: 3
L 12/27/2011 - 00:49:50: Preventing spawning
L 12/27/2011 - 00:49:50: CDirector::RunScript, director_base, level: 0
L 12/27/2011 - 00:49:50: CDirector::RunScript, coop, level: 3
L 12/27/2011 - 00:49:50: World triggered "Round_Start"
L 12/27/2011 - 00:49:50: Log file closed
